2025-01-25 15:39:01,991 - INFO - HTTP Request: GET https://consumer-api.development.dev.woltapi.com/home-assignment-api/v1/venues/home-assignment-venue-helinki/static "HTTP/1.1 404 Not Found"
2025-01-25 15:39:01,992 - ERROR - Static URL returned 400 for slug: home-assignment-venue-helinki
2025-01-25 15:39:07,579 - INFO - HTTP Request: GET https://consumer-api.development.dev.woltapi.com/home-assignment-api/v1/venues/home-assignment-venue-helsinki/static "HTTP/1.1 200 OK"
2025-01-25 15:39:07,581 - INFO - Static URL returned 200 for slug: home-assignment-venue-helsinki
2025-01-25 15:39:08,336 - INFO - HTTP Request: GET https://consumer-api.development.dev.woltapi.com/home-assignment-api/v1/venues/home-assignment-venue-helsinki/dynamic "HTTP/1.1 200 OK"
2025-01-25 15:39:08,339 - INFO - Dynamic URL returned 200 for slug: home-assignment-venue-helsinki
2025-01-25 15:48:51,114 - INFO - HTTP Request: GET https://consumer-api.development.dev.woltapi.com/home-assignment-api/v1/venues/home-assignment-venue-berlin/static "HTTP/1.1 200 OK"
2025-01-25 15:48:51,115 - INFO - Static URL returned 200 for slug: home-assignment-venue-berlin
2025-01-25 15:48:51,959 - INFO - HTTP Request: GET https://consumer-api.development.dev.woltapi.com/home-assignment-api/v1/venues/home-assignment-venue-berlin/dynamic "HTTP/1.1 200 OK"
2025-01-25 15:48:51,961 - INFO - Dynamic URL returned 200 for slug: home-assignment-venue-berlin
2025-01-25 15:48:51,962 - ERROR - Delivery distance is too large. computeDeliveryFeeAndSurcharge() threw exception The delivery distance is too large! Delivery not possible!
2025-01-25 15:49:06,041 - INFO - HTTP Request: GET https://consumer-api.development.dev.woltapi.com/home-assignment-api/v1/venues/home-assignment-venue-helsinki/static "HTTP/1.1 200 OK"
2025-01-25 15:49:06,042 - INFO - Static URL returned 200 for slug: home-assignment-venue-helsinki
2025-01-25 15:49:06,770 - INFO - HTTP Request: GET https://consumer-api.development.dev.woltapi.com/home-assignment-api/v1/venues/home-assignment-venue-helsinki/dynamic "HTTP/1.1 200 OK"
2025-01-25 15:49:06,771 - INFO - Dynamic URL returned 200 for slug: home-assignment-venue-helsinki
2025-01-25 15:57:50,059 - INFO - HTTP Request: GET https://consumer-api.development.dev.woltapi.com/home-assignment-api/v1/venues/home-assignment-venue-helinki/static "HTTP/1.1 404 Not Found"
2025-01-25 15:57:50,060 - ERROR - Static URL returned 400 for slug: home-assignment-venue-helinki
2025-01-25 15:58:10,260 - ERROR - Received request at DOPC endpoint with invalid params: {'venue_slug': ''}
2025-01-25 15:58:30,012 - ERROR - Received request at DOPC endpoint with invalid params: {'venue_slug': ''}
2025-01-25 16:04:59,564 - ERROR - Received request at DOPC endpoint with invalid params: {'venue_slug': ''}
2025-01-25 17:46:56,995 - INFO - HTTP Request: GET https://consumer-api.development.dev.woltapi.com/home-assignment-api/v1/venues/home-assignment-venue-helsinki/static "HTTP/1.1 200 OK"
2025-01-25 17:46:57,013 - INFO - Static URL returned 200 for slug: home-assignment-venue-helsinki
2025-01-25 17:46:57,830 - INFO - HTTP Request: GET https://consumer-api.development.dev.woltapi.com/home-assignment-api/v1/venues/home-assignment-venue-helsinki/dynamic "HTTP/1.1 200 OK"
2025-01-25 17:46:57,831 - INFO - Dynamic URL returned 200 for slug: home-assignment-venue-helsinki
